Línea 100: la clase MSAdodcLib.Adodc del control data1 no era una clase de control cargada.
Línea 147: la clase MSDataGridLib.DataGrid del control DataGrid1 no era una clase de control cargada.
Línea 106: el nombre de la propiedad _ExtentX de data1 no es válido.
Línea 107: el nombre de la propiedad _ExtentY de data1 no es válido.
Línea 108: el nombre de la propiedad ConnectMode de data1 no es válido.
Línea 109: el nombre de la propiedad CursorLocation de data1 no es válido.
Línea 110: el nombre de la propiedad IsolationLevel de data1 no es válido.
Línea 111: el nombre de la propiedad ConnectionTimeout de data1 no es válido.
Línea 112: el nombre de la propiedad CommandTimeout de data1 no es válido.
Línea 113: el nombre de la propiedad CursorType de data1 no es válido.
Línea 114: el nombre de la propiedad LockType de data1 no es válido.
Línea 115: el nombre de la propiedad CommandType de data1 no es válido.
Línea 116: el nombre de la propiedad CursorOptions de data1 no es válido.
Línea 117: el nombre de la propiedad CacheSize de data1 no es válido.
Línea 118: el nombre de la propiedad MaxRecords de data1 no es válido.
Línea 119: el nombre de la propiedad BOFAction de data1 no es válido.
Línea 120: el nombre de la propiedad EOFAction de data1 no es válido.
Línea 121: el nombre de la propiedad ConnectStringType de data1 no es válido.
Línea 125: el nombre de la propiedad Orientation de data1 no es válido.
Línea 127: el nombre de la propiedad Connect de data1 no es válido.
Línea 128: el nombre de la propiedad OLEDBString de data1 no es válido.
Línea 129: el nombre de la propiedad OLEDBFile de data1 no es válido.
Línea 130: el nombre de la propiedad DataSourceName de data1 no es válido.
Línea 131: el nombre de la propiedad OtherAttributes de data1 no es válido.
Línea 132: el nombre de la propiedad UserName de data1 no es válido.
Línea 133: el nombre de la propiedad Password de data1 no es válido.
Línea 134: el nombre de la propiedad RecordSource de data1 no es válido.
Línea 135: el nombre de la propiedad Caption de data1 no es válido.
Línea 145: el nombre de la propiedad _Version de data1 no es válido.
Línea 148: el nombre de la propiedad Bindings de DataGrid1 no es válido.
Línea 154: el nombre de la propiedad _ExtentX de DataGrid1 no es válido.
Línea 155: el nombre de la propiedad _ExtentY de DataGrid1 no es válido.
Línea 156: el nombre de la propiedad _Version de DataGrid1 no es válido.
Línea 157: el nombre de la propiedad AllowUpdate de DataGrid1 no es válido.
Línea 158: el nombre de la propiedad HeadLines de DataGrid1 no es válido.
Línea 159: el nombre de la propiedad RowHeight de DataGrid1 no es válido.
Línea 168: el nombre de la propiedad HeadFont de DataGrid1 no es válido.
Línea 178: el nombre de la propiedad ColumnCount de DataGrid1 no es válido.
Línea 191: el nombre de la propiedad Column00 de DataGrid1 no es válido.
Línea 204: el nombre de la propiedad Column01 de DataGrid1 no es válido.
Línea 205: el nombre de la propiedad SplitCount de DataGrid1 no es válido.
Línea 211: el nombre de la propiedad Split0 de DataGrid1 no es válido.
